{"/Users/cliburnsolano/Documents/Work/DBS/Projects/SearchTest/config.js": {"path":"/Users/cliburnsolano/Documents/Work/DBS/Projects/SearchTest/config.js","statementMap":{"0":{"start":{"line":3,"column":0},"end":{"line":19,"column":2}}},"fnMap":{},"branchMap":{},"s":{"0":2},"f":{},"b":{},"_coverageSchema":"332fd63041d2c1bcb487cc26dd0d5f7d97098a6c","hash":"38825fb0f23f2718cae93bdabcb193bbc50ec1bb"}
,"/Users/cliburnsolano/Documents/Work/DBS/Projects/SearchTest/models/search.js": {"path":"/Users/cliburnsolano/Documents/Work/DBS/Projects/SearchTest/models/search.js","statementMap":{"0":{"start":{"line":1,"column":10},"end":{"line":1,"column":27}},"1":{"start":{"line":2,"column":15},"end":{"line":2,"column":35}},"2":{"start":{"line":3,"column":20},"end":{"line":3,"column":50}},"3":{"start":{"line":4,"column":13},"end":{"line":4,"column":40}},"4":{"start":{"line":11,"column":24},"end":{"line":11,"column":28}},"5":{"start":{"line":13,"column":4},"end":{"line":16,"column":5}},"6":{"start":{"line":14,"column":8},"end":{"line":14,"column":41}},"7":{"start":{"line":15,"column":8},"end":{"line":15,"column":43}},"8":{"start":{"line":18,"column":4},"end":{"line":18,"column":38}},"9":{"start":{"line":19,"column":4},"end":{"line":31,"column":11}},"10":{"start":{"line":21,"column":26},"end":{"line":24,"column":13}},"11":{"start":{"line":25,"column":12},"end":{"line":30,"column":19}},"12":{"start":{"line":28,"column":20},"end":{"line":28,"column":31}},"13":{"start":{"line":29,"column":20},"end":{"line":29,"column":52}},"14":{"start":{"line":41,"column":33},"end":{"line":41,"column":37}},"15":{"start":{"line":43,"column":4},"end":{"line":46,"column":5}},"16":{"start":{"line":44,"column":8},"end":{"line":44,"column":41}},"17":{"start":{"line":45,"column":8},"end":{"line":45,"column":43}},"18":{"start":{"line":48,"column":4},"end":{"line":48,"column":33}},"19":{"start":{"line":49,"column":4},"end":{"line":62,"column":11}},"20":{"start":{"line":51,"column":25},"end":{"line":55,"column":13}},"21":{"start":{"line":56,"column":12},"end":{"line":61,"column":19}},"22":{"start":{"line":59,"column":20},"end":{"line":59,"column":31}},"23":{"start":{"line":60,"column":20},"end":{"line":60,"column":45}},"24":{"start":{"line":72,"column":17},"end":{"line":77,"column":5}},"25":{"start":{"line":80,"column":4},"end":{"line":80,"column":61}},"26":{"start":{"line":81,"column":4},"end":{"line":115,"column":11}},"27":{"start":{"line":84,"column":12},"end":{"line":109,"column":13}},"28":{"start":{"line":87,"column":16},"end":{"line":87,"column":54}},"29":{"start":{"line":88,"column":16},"end":{"line":108,"column":23}},"30":{"start":{"line":91,"column":24},"end":{"line":91,"column":51}},"31":{"start":{"line":92,"column":59},"end":{"line":99,"column":26}},"32":{"start":{"line":93,"column":47},"end":{"line":95,"column":30}},"33":{"start":{"line":94,"column":32},"end":{"line":94,"column":54}},"34":{"start":{"line":96,"column":28},"end":{"line":96,"column":72}},"35":{"start":{"line":97,"column":28},"end":{"line":97,"column":92}},"36":{"start":{"line":98,"column":28},"end":{"line":98,"column":44}},"37":{"start":{"line":100,"column":24},"end":{"line":100,"column":77}},"38":{"start":{"line":101,"column":24},"end":{"line":101,"column":53}},"39":{"start":{"line":103,"column":36},"end":{"line":104,"column":58}},"40":{"start":{"line":104,"column":36},"end":{"line":104,"column":57}},"41":{"start":{"line":106,"column":24},"end":{"line":106,"column":66}},"42":{"start":{"line":107,"column":24},"end":{"line":107,"column":51}},"43":{"start":{"line":112,"column":12},"end":{"line":112,"column":47}},"44":{"start":{"line":113,"column":12},"end":{"line":113,"column":48}},"45":{"start":{"line":114,"column":12},"end":{"line":114,"column":41}},"46":{"start":{"line":118,"column":0},"end":{"line":120,"column":2}}},"fnMap":{"0":{"name":"checkDBCache","decl":{"start":{"line":10,"column":9},"end":{"line":10,"column":21}},"loc":{"start":{"line":10,"column":28},"end":{"line":32,"column":1}},"line":10},"1":{"name":"(anonymous_1)","decl":{"start":{"line":20,"column":14},"end":{"line":20,"column":15}},"loc":{"start":{"line":20,"column":22},"end":{"line":31,"column":9}},"line":20},"2":{"name":"(anonymous_2)","decl":{"start":{"line":27,"column":22},"end":{"line":27,"column":23}},"loc":{"start":{"line":27,"column":35},"end":{"line":30,"column":17}},"line":27},"3":{"name":"saveResultsToDB","decl":{"start":{"line":40,"column":9},"end":{"line":40,"column":24}},"loc":{"start":{"line":40,"column":31},"end":{"line":63,"column":1}},"line":40},"4":{"name":"(anonymous_4)","decl":{"start":{"line":50,"column":14},"end":{"line":50,"column":15}},"loc":{"start":{"line":50,"column":22},"end":{"line":62,"column":9}},"line":50},"5":{"name":"(anonymous_5)","decl":{"start":{"line":58,"column":22},"end":{"line":58,"column":23}},"loc":{"start":{"line":58,"column":28},"end":{"line":61,"column":17}},"line":58},"6":{"name":"whatWhere","decl":{"start":{"line":70,"column":9},"end":{"line":70,"column":18}},"loc":{"start":{"line":70,"column":24},"end":{"line":116,"column":1}},"line":70},"7":{"name":"(anonymous_7)","decl":{"start":{"line":82,"column":14},"end":{"line":82,"column":15}},"loc":{"start":{"line":82,"column":32},"end":{"line":115,"column":9}},"line":82},"8":{"name":"(anonymous_8)","decl":{"start":{"line":89,"column":26},"end":{"line":89,"column":27}},"loc":{"start":{"line":89,"column":43},"end":{"line":102,"column":21}},"line":89},"9":{"name":"(anonymous_9)","decl":{"start":{"line":92,"column":86},"end":{"line":92,"column":87}},"loc":{"start":{"line":92,"column":100},"end":{"line":99,"column":25}},"line":92},"10":{"name":"(anonymous_10)","decl":{"start":{"line":93,"column":71},"end":{"line":93,"column":72}},"loc":{"start":{"line":93,"column":85},"end":{"line":95,"column":29}},"line":93},"11":{"name":"(anonymous_11)","decl":{"start":{"line":103,"column":26},"end":{"line":103,"column":27}},"loc":{"start":{"line":103,"column":36},"end":{"line":104,"column":58}},"line":103},"12":{"name":"(anonymous_12)","decl":{"start":{"line":104,"column":30},"end":{"line":104,"column":31}},"loc":{"start":{"line":104,"column":36},"end":{"line":104,"column":57}},"line":104},"13":{"name":"(anonymous_13)","decl":{"start":{"line":105,"column":27},"end":{"line":105,"column":28}},"loc":{"start":{"line":105,"column":36},"end":{"line":108,"column":21}},"line":105}},"branchMap":{"0":{"loc":{"start":{"line":13,"column":4},"end":{"line":16,"column":5}},"type":"if","locations":[{"start":{"line":13,"column":4},"end":{"line":16,"column":5}},{"start":{"line":13,"column":4},"end":{"line":16,"column":5}}],"line":13},"1":{"loc":{"start":{"line":13,"column":8},"end":{"line":13,"column":45}},"type":"binary-expr","locations":[{"start":{"line":13,"column":8},"end":{"line":13,"column":24}},{"start":{"line":13,"column":28},"end":{"line":13,"column":45}}],"line":13},"2":{"loc":{"start":{"line":43,"column":4},"end":{"line":46,"column":5}},"type":"if","locations":[{"start":{"line":43,"column":4},"end":{"line":46,"column":5}},{"start":{"line":43,"column":4},"end":{"line":46,"column":5}}],"line":43},"3":{"loc":{"start":{"line":43,"column":8},"end":{"line":43,"column":45}},"type":"binary-expr","locations":[{"start":{"line":43,"column":8},"end":{"line":43,"column":24}},{"start":{"line":43,"column":28},"end":{"line":43,"column":45}}],"line":43},"4":{"loc":{"start":{"line":84,"column":12},"end":{"line":109,"column":13}},"type":"if","locations":[{"start":{"line":84,"column":12},"end":{"line":109,"column":13}},{"start":{"line":84,"column":12},"end":{"line":109,"column":13}}],"line":84}},"s":{"0":1,"1":1,"2":1,"3":1,"4":2,"5":2,"6":2,"7":2,"8":2,"9":2,"10":2,"11":2,"12":2,"13":2,"14":1,"15":1,"16":1,"17":1,"18":1,"19":1,"20":1,"21":1,"22":1,"23":1,"24":2,"25":2,"26":2,"27":2,"28":1,"29":1,"30":1,"31":1,"32":0,"33":0,"34":0,"35":0,"36":0,"37":1,"38":1,"39":1,"40":1,"41":0,"42":0,"43":1,"44":1,"45":1,"46":1},"f":{"0":2,"1":2,"2":2,"3":1,"4":1,"5":1,"6":2,"7":2,"8":1,"9":0,"10":0,"11":1,"12":1,"13":0},"b":{"0":[2,0],"1":[2,2],"2":[1,0],"3":[1,1],"4":[1,1]},"_coverageSchema":"332fd63041d2c1bcb487cc26dd0d5f7d97098a6c","hash":"00cf442e9145a4721336d636063e8051d548ec42"}
,"/Users/cliburnsolano/Documents/Work/DBS/Projects/SearchTest/services/yelp.js": {"path":"/Users/cliburnsolano/Documents/Work/DBS/Projects/SearchTest/services/yelp.js","statementMap":{"0":{"start":{"line":1,"column":11},"end":{"line":1,"column":37}},"1":{"start":{"line":2,"column":15},"end":{"line":2,"column":35}},"2":{"start":{"line":12,"column":20},"end":{"line":21,"column":5}},"3":{"start":{"line":24,"column":4},"end":{"line":25,"column":63}},"4":{"start":{"line":25,"column":25},"end":{"line":25,"column":61}},"5":{"start":{"line":28,"column":0},"end":{"line":30,"column":2}}},"fnMap":{"0":{"name":"search","decl":{"start":{"line":10,"column":9},"end":{"line":10,"column":15}},"loc":{"start":{"line":10,"column":29},"end":{"line":26,"column":1}},"line":10},"1":{"name":"(anonymous_1)","decl":{"start":{"line":25,"column":14},"end":{"line":25,"column":15}},"loc":{"start":{"line":25,"column":25},"end":{"line":25,"column":61}},"line":25}},"branchMap":{},"s":{"0":2,"1":2,"2":2,"3":2,"4":2,"5":2},"f":{"0":2,"1":2},"b":{},"_coverageSchema":"332fd63041d2c1bcb487cc26dd0d5f7d97098a6c","hash":"11535bdd378cf12ff5349ff4b1e79d7b453157e9"}
}
