TN:
SF:/Users/cliburnsolano/Documents/Work/DBS/Projects/SearchTest/config.js
FNF:0
FNH:0
DA:3,2
LF:1
LH:1
BRF:0
BRH:0
end_of_record
TN:
SF:/Users/cliburnsolano/Documents/Work/DBS/Projects/SearchTest/models/search.js
FN:10,checkDBCache
FN:20,(anonymous_1)
FN:27,(anonymous_2)
FN:40,saveResultsToDB
FN:50,(anonymous_4)
FN:58,(anonymous_5)
FN:70,whatWhere
FN:82,(anonymous_7)
FN:89,(anonymous_8)
FN:92,(anonymous_9)
FN:93,(anonymous_10)
FN:103,(anonymous_11)
FN:104,(anonymous_12)
FN:105,(anonymous_13)
FNF:14
FNH:11
FNDA:2,checkDBCache
FNDA:2,(anonymous_1)
FNDA:2,(anonymous_2)
FNDA:1,saveResultsToDB
FNDA:1,(anonymous_4)
FNDA:1,(anonymous_5)
FNDA:2,whatWhere
FNDA:2,(anonymous_7)
FNDA:1,(anonymous_8)
FNDA:0,(anonymous_9)
FNDA:0,(anonymous_10)
FNDA:1,(anonymous_11)
FNDA:1,(anonymous_12)
FNDA:0,(anonymous_13)
DA:1,1
DA:2,1
DA:3,1
DA:4,1
DA:11,2
DA:13,2
DA:14,2
DA:15,2
DA:18,2
DA:19,2
DA:21,2
DA:25,2
DA:28,2
DA:29,2
DA:41,1
DA:43,1
DA:44,1
DA:45,1
DA:48,1
DA:49,1
DA:51,1
DA:56,1
DA:59,1
DA:60,1
DA:72,2
DA:80,2
DA:81,2
DA:84,2
DA:87,1
DA:88,1
DA:91,1
DA:92,1
DA:93,0
DA:94,0
DA:96,0
DA:97,0
DA:98,0
DA:100,1
DA:101,1
DA:103,1
DA:104,1
DA:106,0
DA:107,0
DA:112,1
DA:113,1
DA:114,1
DA:118,1
LF:47
LH:40
BRDA:13,0,0,2
BRDA:13,0,1,0
BRDA:13,1,0,2
BRDA:13,1,1,2
BRDA:43,2,0,1
BRDA:43,2,1,0
BRDA:43,3,0,1
BRDA:43,3,1,1
BRDA:84,4,0,1
BRDA:84,4,1,1
BRF:10
BRH:8
end_of_record
TN:
SF:/Users/cliburnsolano/Documents/Work/DBS/Projects/SearchTest/services/yelp.js
FN:10,search
FN:25,(anonymous_1)
FNF:2
FNH:2
FNDA:2,search
FNDA:2,(anonymous_1)
DA:1,2
DA:2,2
DA:12,2
DA:24,2
DA:25,2
DA:28,2
LF:6
LH:6
BRF:0
BRH:0
end_of_record
